{"C:\\Users\\prayash\\Desktop\\protopia\\client\\src\\main.js": {"path":"C:\\Users\\prayash\\Desktop\\protopia\\client\\src\\main.js","statementMap":{"0":{"start":{"line":36,"column":0},"end":{"line":36,"column":33}},"1":{"start":{"line":39,"column":0},"end":{"line":39,"column":21}},"2":{"start":{"line":40,"column":0},"end":{"line":40,"column":26}},"3":{"start":{"line":41,"column":0},"end":{"line":41,"column":22}},"4":{"start":{"line":42,"column":0},"end":{"line":42,"column":26}},"5":{"start":{"line":45,"column":0},"end":{"line":45,"column":51}},"6":{"start":{"line":46,"column":0},"end":{"line":46,"column":18}},"7":{"start":{"line":47,"column":0},"end":{"line":47,"column":19}},"8":{"start":{"line":48,"column":0},"end":{"line":48,"column":17}},"9":{"start":{"line":49,"column":0},"end":{"line":49,"column":18}},"10":{"start":{"line":50,"column":0},"end":{"line":50,"column":19}},"11":{"start":{"line":51,"column":0},"end":{"line":51,"column":16}},"12":{"start":{"line":52,"column":0},"end":{"line":52,"column":18}},"13":{"start":{"line":54,"column":0},"end":{"line":54,"column":19}},"14":{"start":{"line":56,"column":15},"end":{"line":58,"column":2}},"15":{"start":{"line":61,"column":0},"end":{"line":67,"column":2}},"16":{"start":{"line":63,"column":15},"end":{"line":63,"column":21}}},"fnMap":{"0":{"name":"(anonymous_0)","decl":{"start":{"line":63,"column":10},"end":{"line":63,"column":11}},"loc":{"start":{"line":63,"column":15},"end":{"line":63,"column":21}},"line":63}},"branchMap":{},"s":{"0":0,"1":0,"2":0,"3":0,"4":0,"5":0,"6":0,"7":0,"8":0,"9":0,"10":0,"11":0,"12":0,"13":0,"14":0,"15":0,"16":0},"f":{"0":0},"b":{},"hash":"efdfcbeff841813c7a075e6ce8325f7fd5456b3e"}
,"C:\\Users\\prayash\\Desktop\\protopia\\client\\src\\routes.js": {"path":"C:\\Users\\prayash\\Desktop\\protopia\\client\\src\\routes.js","statementMap":{},"fnMap":{},"branchMap":{},"s":{},"f":{},"b":{},"hash":"b43a8402d215b560552ffc5bb87bf459c85be071"}
,"C:\\Users\\prayash\\Desktop\\protopia\\client\\src\\components\\AskSentiment.vue": {"path":"C:\\Users\\prayash\\Desktop\\protopia\\client\\src\\components\\AskSentiment.vue","statementMap":{"0":{"start":{"line":13,"column":0},"end":{"line":13,"column":null}},"1":{"start":{"line":14,"column":0},"end":{"line":14,"column":null}},"2":{"start":{"line":15,"column":0},"end":{"line":15,"column":null}}},"fnMap":{},"branchMap":{},"s":{"0":2,"1":2,"2":2},"f":{},"b":{}}
,"C:\\Users\\prayash\\Desktop\\protopia\\client\\src\\components\\CommunityDist.vue": {"path":"C:\\Users\\prayash\\Desktop\\protopia\\client\\src\\components\\CommunityDist.vue","statementMap":{"0":{"start":{"line":24,"column":0},"end":{"line":24,"column":null}},"1":{"start":{"line":61,"column":0},"end":{"line":61,"column":null}},"2":{"start":{"line":63,"column":0},"end":{"line":69,"column":null}},"3":{"start":{"line":63,"column":0},"end":{"line":63,"column":null}},"4":{"start":{"line":64,"column":0},"end":{"line":64,"column":null}},"5":{"start":{"line":68,"column":0},"end":{"line":68,"column":null}},"6":{"start":{"line":70,"column":0},"end":{"line":70,"column":null}},"7":{"start":{"line":74,"column":0},"end":{"line":74,"column":null}},"8":{"start":{"line":79,"column":0},"end":{"line":79,"column":null}}},"fnMap":{"0":{"name":"(anonymous_1)","decl":{"start":{"line":23,"column":0},"end":{"line":23,"column":null}},"loc":{"start":{"line":23,"column":0},"end":{"line":58,"column":null}}},"1":{"name":"(anonymous_2)","decl":{"start":{"line":60,"column":0},"end":{"line":60,"column":null}},"loc":{"start":{"line":60,"column":0},"end":{"line":71,"column":null}}},"2":{"name":"(anonymous_3)","decl":{"start":{"line":73,"column":0},"end":{"line":73,"column":null}},"loc":{"start":{"line":73,"column":0},"end":{"line":75,"column":null}}},"3":{"name":"(anonymous_4)","decl":{"start":{"line":78,"column":0},"end":{"line":78,"column":null}},"loc":{"start":{"line":78,"column":0},"end":{"line":80,"column":null}}}},"branchMap":{},"s":{"0":2,"1":2,"2":2,"3":2,"4":0,"5":0,"6":0,"7":2,"8":0},"f":{"0":2,"1":2,"2":2,"3":0},"b":{}}
,"C:\\Users\\prayash\\Desktop\\protopia\\client\\src\\components\\HourlyAskRate.vue": {"path":"C:\\Users\\prayash\\Desktop\\protopia\\client\\src\\components\\HourlyAskRate.vue","statementMap":{"0":{"start":{"line":23,"column":0},"end":{"line":23,"column":null}},"1":{"start":{"line":57,"column":0},"end":{"line":57,"column":null}},"2":{"start":{"line":59,"column":0},"end":{"line":65,"column":null}},"3":{"start":{"line":59,"column":0},"end":{"line":59,"column":null}},"4":{"start":{"line":60,"column":0},"end":{"line":60,"column":null}},"5":{"start":{"line":64,"column":0},"end":{"line":64,"column":null}},"6":{"start":{"line":67,"column":0},"end":{"line":67,"column":null}},"7":{"start":{"line":71,"column":0},"end":{"line":71,"column":null}},"8":{"start":{"line":76,"column":0},"end":{"line":76,"column":null}}},"fnMap":{"0":{"name":"(anonymous_1)","decl":{"start":{"line":22,"column":0},"end":{"line":22,"column":null}},"loc":{"start":{"line":22,"column":0},"end":{"line":54,"column":null}}},"1":{"name":"(anonymous_2)","decl":{"start":{"line":56,"column":0},"end":{"line":56,"column":null}},"loc":{"start":{"line":56,"column":0},"end":{"line":68,"column":null}}},"2":{"name":"(anonymous_3)","decl":{"start":{"line":70,"column":0},"end":{"line":70,"column":null}},"loc":{"start":{"line":70,"column":0},"end":{"line":72,"column":null}}},"3":{"name":"(anonymous_4)","decl":{"start":{"line":75,"column":0},"end":{"line":75,"column":null}},"loc":{"start":{"line":75,"column":0},"end":{"line":77,"column":null}}}},"branchMap":{},"s":{"0":2,"1":2,"2":2,"3":2,"4":0,"5":0,"6":0,"7":2,"8":0},"f":{"0":2,"1":2,"2":2,"3":0},"b":{}}
,"C:\\Users\\prayash\\Desktop\\protopia\\client\\src\\components\\OpenRate.vue": {"path":"C:\\Users\\prayash\\Desktop\\protopia\\client\\src\\components\\OpenRate.vue","statementMap":{"0":{"start":{"line":14,"column":0},"end":{"line":14,"column":null}}},"fnMap":{"0":{"name":"(anonymous_1)","decl":{"start":{"line":13,"column":0},"end":{"line":13,"column":null}},"loc":{"start":{"line":13,"column":0},"end":{"line":17,"column":null}}}},"branchMap":{},"s":{"0":2},"f":{"0":2},"b":{}}
,"C:\\Users\\prayash\\Desktop\\protopia\\client\\src\\components\\Students.vue": {"path":"C:\\Users\\prayash\\Desktop\\protopia\\client\\src\\components\\Students.vue","statementMap":{"0":{"start":{"line":27,"column":0},"end":{"line":27,"column":null}},"1":{"start":{"line":28,"column":0},"end":{"line":28,"column":null}},"2":{"start":{"line":29,"column":0},"end":{"line":29,"column":null}},"3":{"start":{"line":30,"column":0},"end":{"line":30,"column":null}},"4":{"start":{"line":31,"column":0},"end":{"line":31,"column":null}},"5":{"start":{"line":32,"column":0},"end":{"line":32,"column":null}},"6":{"start":{"line":33,"column":0},"end":{"line":33,"column":null}},"7":{"start":{"line":47,"column":0},"end":{"line":47,"column":null}}},"fnMap":{"0":{"name":"(anonymous_2)","decl":{"start":{"line":46,"column":0},"end":{"line":46,"column":null}},"loc":{"start":{"line":46,"column":0},"end":{"line":50,"column":null}}}},"branchMap":{},"s":{"0":1,"1":1,"2":1,"3":1,"4":1,"5":1,"6":1,"7":2},"f":{"0":2},"b":{}}
}
