TN:
SF:C:\Users\prayash\Desktop\protopia\client\src\main.js
FN:63,(anonymous_0)
FNF:1
FNH:0
FNDA:0,(anonymous_0)
DA:36,0
DA:39,0
DA:40,0
DA:41,0
DA:42,0
DA:45,0
DA:46,0
DA:47,0
DA:48,0
DA:49,0
DA:50,0
DA:51,0
DA:52,0
DA:54,0
DA:56,0
DA:61,0
DA:63,0
LF:17
LH:0
BRF:0
BRH:0
end_of_record
TN:
SF:C:\Users\prayash\Desktop\protopia\client\src\routes.js
FNF:0
FNH:0
LF:0
LH:0
BRF:0
BRH:0
end_of_record
TN:
SF:C:\Users\prayash\Desktop\protopia\client\src\components\AskSentiment.vue
FNF:0
FNH:0
DA:13,2
DA:14,2
DA:15,2
LF:3
LH:3
BRF:0
BRH:0
end_of_record
TN:
SF:C:\Users\prayash\Desktop\protopia\client\src\components\CommunityDist.vue
FN:23,(anonymous_1)
FN:60,(anonymous_2)
FN:73,(anonymous_3)
FN:78,(anonymous_4)
FNF:4
FNH:3
FNDA:2,(anonymous_1)
FNDA:2,(anonymous_2)
FNDA:2,(anonymous_3)
FNDA:0,(anonymous_4)
DA:24,2
DA:61,2
DA:63,2
DA:64,0
DA:68,0
DA:70,0
DA:74,2
DA:79,0
LF:8
LH:4
BRF:0
BRH:0
end_of_record
TN:
SF:C:\Users\prayash\Desktop\protopia\client\src\components\HourlyAskRate.vue
FN:22,(anonymous_1)
FN:56,(anonymous_2)
FN:70,(anonymous_3)
FN:75,(anonymous_4)
FNF:4
FNH:3
FNDA:2,(anonymous_1)
FNDA:2,(anonymous_2)
FNDA:2,(anonymous_3)
FNDA:0,(anonymous_4)
DA:23,2
DA:57,2
DA:59,2
DA:60,0
DA:64,0
DA:67,0
DA:71,2
DA:76,0
LF:8
LH:4
BRF:0
BRH:0
end_of_record
TN:
SF:C:\Users\prayash\Desktop\protopia\client\src\components\OpenRate.vue
FN:13,(anonymous_1)
FNF:1
FNH:1
FNDA:2,(anonymous_1)
DA:14,2
LF:1
LH:1
BRF:0
BRH:0
end_of_record
TN:
SF:C:\Users\prayash\Desktop\protopia\client\src\components\Students.vue
FN:46,(anonymous_2)
FNF:1
FNH:1
FNDA:2,(anonymous_2)
DA:27,1
DA:28,1
DA:29,1
DA:30,1
DA:31,1
DA:32,1
DA:33,1
DA:47,2
LF:8
LH:8
BRF:0
BRH:0
end_of_record
